[01-Jun-2023 11:28:08 America/Los_Angeles] PHP Warning:  file_get_contents(/var/www/html/vendor/composer/composer/src/Composer/Repository/../InstalledVersions.php): Failed to open stream: No such file or directory in /var/www/html/vendor/composer/composer/src/Composer/Repository/FilesystemRepository.php on line 163
[01-Jun-2023 11:28:08 America/Los_Angeles] PHP Warning:  file_get_contents(/var/www/html/vendor/composer/composer/src/Composer/Repository/../InstalledVersions.php): Failed to open stream: No such file or directory in /var/www/html/vendor/composer/composer/src/Composer/Repository/FilesystemRepository.php on line 163
[01-Jun-2023 11:28:08 America/Los_Angeles] PHP Warning:  file_get_contents(/var/www/html/vendor/composer/composer/src/Composer/Repository/../InstalledVersions.php): Failed to open stream: No such file or directory in /var/www/html/vendor/composer/composer/src/Composer/Repository/FilesystemRepository.php on line 163
[01-Jun-2023 11:28:08 America/Los_Angeles] PHP Warning:  file_get_contents(/var/www/html/vendor/composer/composer/src/Composer/Repository/../InstalledVersions.php): Failed to open stream: No such file or directory in /var/www/html/vendor/composer/composer/src/Composer/Repository/FilesystemRepository.php on line 163
[01-Jun-2023 11:28:08 America/Los_Angeles] PHP Warning:  file_get_contents(/var/www/html/vendor/composer/composer/src/Composer/Repository/../InstalledVersions.php): Failed to open stream: No such file or directory in /var/www/html/vendor/composer/composer/src/Composer/Repository/FilesystemRepository.php on line 163
[01-Jun-2023 11:28:08 America/Los_Angeles] PHP Warning:  file_get_contents(/var/www/html/vendor/composer/composer/src/Composer/Repository/../InstalledVersions.php): Failed to open stream: No such file or directory in /var/www/html/vendor/composer/composer/src/Composer/Repository/FilesystemRepository.php on line 163
[01-Jun-2023 11:28:08 America/Los_Angeles] PHP Warning:  file_get_contents(/var/www/html/vendor/composer/composer/src/Composer/Repository/../InstalledVersions.php): Failed to open stream: No such file or directory in /var/www/html/vendor/composer/composer/src/Composer/Repository/FilesystemRepository.php on line 163
[01-Jun-2023 11:28:08 America/Los_Angeles] PHP Warning:  file_get_contents(/var/www/html/vendor/composer/composer/src/Composer/Repository/../InstalledVersions.php): Failed to open stream: No such file or directory in /var/www/html/vendor/composer/composer/src/Composer/Repository/FilesystemRepository.php on line 163
[07-Jun-2023 14:15:05 America/Los_Angeles] PHP Fatal error:  Namespace declaration statement has to be the very first statement or after any declare call in the script in /var/www/html/vendor/symfony/yaml/Exception/ParseException.php on line 17
[07-Jun-2023 14:15:05 America/Los_Angeles] PHP Fatal error:  Uncaught Error: Class "Symfony\Component\Yaml\Exception\ParseException" not found in /var/www/html/vendor/symfony/yaml/Parser.php:463
Stack trace:
#0 /var/www/html/vendor/symfony/yaml/Parser.php(97): Symfony\Component\Yaml\Parser->doParse(' <<<<<<< HEAD', 0)
#1 /var/www/html/vendor/symfony/yaml/Yaml.php(80): Symfony\Component\Yaml\Parser->parse('<<<<<<< HEAD\nda...', 0)
#2 /var/www/html/vendor/craftcms/cms/src/services/ProjectConfig.php(1326): Symfony\Component\Yaml\Yaml::parse('<<<<<<< HEAD\nda...')
#3 /var/www/html/vendor/craftcms/cms/src/services/ProjectConfig.php(1693): craft\services\ProjectConfig->_loadExternalConfig()
#4 /var/www/html/vendor/craftcms/cms/src/services/ProjectConfig.php(1377): craft\services\ProjectConfig->getExternalConfig()
#5 /var/www/html/vendor/craftcms/cms/src/services/ProjectConfig.php(663): craft\services\ProjectConfig->_getPendingChanges(NULL, true)
#6 /var/www/html/vendor/craftcms/cms/src/helpers/Cp.php(278): craft\services\ProjectConfig->areChangesPending()
#7 /var/www/html/vendor/craftcms/cms/src/web/twig/variables/Cp.php(498): craft\helpers\Cp::alerts('dashboard')
#8 /var/www/html/vendor/twig/twig/src/Extension/CoreExtension.php(1607): craft\web\twig\variables\Cp->getAlerts()
#9 /var/www/html/vendor/craftcms/cms/src/helpers/Template.php(146): twig_get_attribute(Object(craft\web\twig\Environment), Object(Twig\Source), Object(craft\web\twig\variables\Cp), 'getAlerts', Array, 'method', false, false)
#10 /var/www/html/storage/runtime/compiled_templates/07/07cebed703347a25f653be791705fa086cd393cbf8080f04f1c7bd8007fbd1dd.php(41): craft\helpers\Template::attribute(Object(craft\web\twig\Environment), Object(Twig\Source), Object(craft\web\twig\variables\Cp), 'getAlerts', Array, 'method')
#11 /var/www/html/vendor/twig/twig/src/Template.php(394): __TwigTemplate_aae63543688d2a219aadc75e4203487d05a0fa494241de99dfdba134805c12f2->doDisplay(Array, Array)
#12 /var/www/html/vendor/twig/twig/src/Template.php(367): Twig\Template->displayWithErrorHandling(Array, Array)
#13 /var/www/html/storage/runtime/compiled_templates/0e/0e2ad3298328987933b39bc91c678500de739aecaba339e6a93a6e17e68c121b.php(203): Twig\Template->display(Array)
#14 /var/www/html/vendor/twig/twig/src/Template.php(171): __TwigTemplate_0c480fd31058974e08eca9afa409398071e3d4b2aa5433f7fd7bcfaea66618c9->block_body(Array, Array)
#15 /var/www/html/storage/runtime/compiled_templates/22/22d22bbae91331de471b06ded047a07e57dccd91c36e736646dfa63168612f45.php(94): Twig\Template->displayBlock('body', Array, Array)
#16 /var/www/html/vendor/twig/twig/src/Template.php(394): __TwigTemplate_12ad1eff8d52dba8aa73851e593d6ac7a89c79a49574f97e4f7ac798271de360->doDisplay(Array, Array)
#17 /var/www/html/vendor/twig/twig/src/Template.php(367): Twig\Template->displayWithErrorHandling(Array, Array)
#18 /var/www/html/storage/runtime/compiled_templates/65/659e6a0691775e3a7fc13f00fc437c8ddce3009070a9d6a45bcd23192a8cda76.php(56): Twig\Template->display(Array, Array)
#19 /var/www/html/vendor/twig/twig/src/Template.php(394): __TwigTemplate_fa0bd67135529fee6547704fcbff71d49edd81454936bb10c9c25d3195d17936->doDisplay(Array, Array)
#20 /var/www/html/vendor/twig/twig/src/Template.php(367): Twig\Template->displayWithErrorHandling(Array, Array)
#21 /var/www/html/storage/runtime/compiled_templates/0e/0e2ad3298328987933b39bc91c678500de739aecaba339e6a93a6e17e68c121b.php(179): Twig\Template->display(Array, Array)
#22 /var/www/html/vendor/twig/twig/src/Template.php(394): __TwigTemplate_0c480fd31058974e08eca9afa409398071e3d4b2aa5433f7fd7bcfaea66618c9->doDisplay(Array, Array)
#23 /var/www/html/vendor/twig/twig/src/Template.php(367): Twig\Template->displayWithErrorHandling(Array, Array)
#24 /var/www/html/storage/runtime/compiled_templates/96/96b68215a8fc4865db21dc530b33c4c93593c6ba1cbde876b8c83a653b1fb87d.php(49): Twig\Template->display(Array, Array)
#25 /var/www/html/vendor/twig/twig/src/Template.php(394): __TwigTemplate_d805305ef088680f84c2d3bca1588e427999530f91f10beda3ed25a93098ed4a->doDisplay(Array, Array)
#26 /var/www/html/vendor/twig/twig/src/Template.php(367): Twig\Template->displayWithErrorHandling(Array, Array)
#27 /var/www/html/vendor/twig/twig/src/Template.php(379): Twig\Template->display(Array)
#28 /var/www/html/vendor/twig/twig/src/TemplateWrapper.php(40): Twig\Template->render(Array, Array)
#29 /var/www/html/vendor/twig/twig/src/Environment.php(277): Twig\TemplateWrapper->render(Array)
#30 /var/www/html/vendor/craftcms/cms/src/web/View.php(465): Twig\Environment->render('dashboard/_inde...', Array)
#31 /var/www/html/vendor/craftcms/cms/src/web/View.php(518): craft\web\View->renderTemplate('dashboard/_inde...', Array)
#32 /var/www/html/vendor/craftcms/cms/src/web/TemplateResponseFormatter.php(56): craft\web\View->renderPageTemplate('dashboard/_inde...', Array, 'cp')
#33 /var/www/html/vendor/yiisoft/yii2/web/Response.php(1098): craft\web\TemplateResponseFormatter->format(Object(craft\web\Response))
#34 /var/www/html/vendor/craftcms/cms/src/web/Response.php(286): yii\web\Response->prepare()
#35 /var/www/html/vendor/yiisoft/yii2/web/Response.php(339): craft\web\Response->prepare()
#36 /var/www/html/vendor/yiisoft/yii2/web/ErrorHandler.php(136): yii\web\Response->send()
#37 /var/www/html/vendor/craftcms/cms/src/web/ErrorHandler.php(192): yii\web\ErrorHandler->renderException(Object(yii\base\ErrorException))
#38 /var/www/html/vendor/yiisoft/yii2/base/ErrorHandler.php(323): craft\web\ErrorHandler->renderException(Object(yii\base\ErrorException))
#39 [internal function]: yii\base\ErrorHandler->handleFatalError()
#40 {main}
  thrown in /var/www/html/vendor/symfony/yaml/Parser.php on line 463
[07-Jun-2023 14:15:06 America/Los_Angeles] PHP Fatal error:  Namespace declaration statement has to be the very first statement or after any declare call in the script in /var/www/html/vendor/symfony/yaml/Exception/ParseException.php on line 17
[07-Jun-2023 14:15:06 America/Los_Angeles] PHP Fatal error:  Uncaught Error: Class "Symfony\Component\Yaml\Exception\ParseException" not found in /var/www/html/vendor/symfony/yaml/Parser.php:463
Stack trace:
#0 /var/www/html/vendor/symfony/yaml/Parser.php(97): Symfony\Component\Yaml\Parser->doParse(' <<<<<<< HEAD', 0)
#1 /var/www/html/vendor/symfony/yaml/Yaml.php(80): Symfony\Component\Yaml\Parser->parse('<<<<<<< HEAD\nda...', 0)
#2 /var/www/html/vendor/craftcms/cms/src/services/ProjectConfig.php(1326): Symfony\Component\Yaml\Yaml::parse('<<<<<<< HEAD\nda...')
#3 /var/www/html/vendor/craftcms/cms/src/services/ProjectConfig.php(1693): craft\services\ProjectConfig->_loadExternalConfig()
#4 /var/www/html/vendor/craftcms/cms/src/services/ProjectConfig.php(1377): craft\services\ProjectConfig->getExternalConfig()
#5 /var/www/html/vendor/craftcms/cms/src/services/ProjectConfig.php(663): craft\services\ProjectConfig->_getPendingChanges(NULL, true)
#6 /var/www/html/vendor/craftcms/cms/src/helpers/Cp.php(278): craft\services\ProjectConfig->areChangesPending()
#7 /var/www/html/vendor/craftcms/cms/src/web/twig/variables/Cp.php(498): craft\helpers\Cp::alerts('dashboard')
#8 /var/www/html/vendor/twig/twig/src/Extension/CoreExtension.php(1607): craft\web\twig\variables\Cp->getAlerts()
#9 /var/www/html/vendor/craftcms/cms/src/helpers/Template.php(146): twig_get_attribute(Object(craft\web\twig\Environment), Object(Twig\Source), Object(craft\web\twig\variables\Cp), 'getAlerts', Array, 'method', false, false)
#10 /var/www/html/storage/runtime/compiled_templates/07/07cebed703347a25f653be791705fa086cd393cbf8080f04f1c7bd8007fbd1dd.php(41): craft\helpers\Template::attribute(Object(craft\web\twig\Environment), Object(Twig\Source), Object(craft\web\twig\variables\Cp), 'getAlerts', Array, 'method')
#11 /var/www/html/vendor/twig/twig/src/Template.php(394): __TwigTemplate_aae63543688d2a219aadc75e4203487d05a0fa494241de99dfdba134805c12f2->doDisplay(Array, Array)
#12 /var/www/html/vendor/twig/twig/src/Template.php(367): Twig\Template->displayWithErrorHandling(Array, Array)
#13 /var/www/html/storage/runtime/compiled_templates/0e/0e2ad3298328987933b39bc91c678500de739aecaba339e6a93a6e17e68c121b.php(203): Twig\Template->display(Array)
#14 /var/www/html/vendor/twig/twig/src/Template.php(171): __TwigTemplate_0c480fd31058974e08eca9afa409398071e3d4b2aa5433f7fd7bcfaea66618c9->block_body(Array, Array)
#15 /var/www/html/storage/runtime/compiled_templates/22/22d22bbae91331de471b06ded047a07e57dccd91c36e736646dfa63168612f45.php(94): Twig\Template->displayBlock('body', Array, Array)
#16 /var/www/html/vendor/twig/twig/src/Template.php(394): __TwigTemplate_12ad1eff8d52dba8aa73851e593d6ac7a89c79a49574f97e4f7ac798271de360->doDisplay(Array, Array)
#17 /var/www/html/vendor/twig/twig/src/Template.php(367): Twig\Template->displayWithErrorHandling(Array, Array)
#18 /var/www/html/storage/runtime/compiled_templates/65/659e6a0691775e3a7fc13f00fc437c8ddce3009070a9d6a45bcd23192a8cda76.php(56): Twig\Template->display(Array, Array)
#19 /var/www/html/vendor/twig/twig/src/Template.php(394): __TwigTemplate_fa0bd67135529fee6547704fcbff71d49edd81454936bb10c9c25d3195d17936->doDisplay(Array, Array)
#20 /var/www/html/vendor/twig/twig/src/Template.php(367): Twig\Template->displayWithErrorHandling(Array, Array)
#21 /var/www/html/storage/runtime/compiled_templates/0e/0e2ad3298328987933b39bc91c678500de739aecaba339e6a93a6e17e68c121b.php(179): Twig\Template->display(Array, Array)
#22 /var/www/html/vendor/twig/twig/src/Template.php(394): __TwigTemplate_0c480fd31058974e08eca9afa409398071e3d4b2aa5433f7fd7bcfaea66618c9->doDisplay(Array, Array)
#23 /var/www/html/vendor/twig/twig/src/Template.php(367): Twig\Template->displayWithErrorHandling(Array, Array)
#24 /var/www/html/storage/runtime/compiled_templates/96/96b68215a8fc4865db21dc530b33c4c93593c6ba1cbde876b8c83a653b1fb87d.php(49): Twig\Template->display(Array, Array)
#25 /var/www/html/vendor/twig/twig/src/Template.php(394): __TwigTemplate_d805305ef088680f84c2d3bca1588e427999530f91f10beda3ed25a93098ed4a->doDisplay(Array, Array)
#26 /var/www/html/vendor/twig/twig/src/Template.php(367): Twig\Template->displayWithErrorHandling(Array, Array)
#27 /var/www/html/vendor/twig/twig/src/Template.php(379): Twig\Template->display(Array)
#28 /var/www/html/vendor/twig/twig/src/TemplateWrapper.php(40): Twig\Template->render(Array, Array)
#29 /var/www/html/vendor/twig/twig/src/Environment.php(277): Twig\TemplateWrapper->render(Array)
#30 /var/www/html/vendor/craftcms/cms/src/web/View.php(465): Twig\Environment->render('dashboard/_inde...', Array)
#31 /var/www/html/vendor/craftcms/cms/src/web/View.php(518): craft\web\View->renderTemplate('dashboard/_inde...', Array)
#32 /var/www/html/vendor/craftcms/cms/src/web/TemplateResponseFormatter.php(56): craft\web\View->renderPageTemplate('dashboard/_inde...', Array, 'cp')
#33 /var/www/html/vendor/yiisoft/yii2/web/Response.php(1098): craft\web\TemplateResponseFormatter->format(Object(craft\web\Response))
#34 /var/www/html/vendor/craftcms/cms/src/web/Response.php(286): yii\web\Response->prepare()
#35 /var/www/html/vendor/yiisoft/yii2/web/Response.php(339): craft\web\Response->prepare()
#36 /var/www/html/vendor/yiisoft/yii2/web/ErrorHandler.php(136): yii\web\Response->send()
#37 /var/www/html/vendor/craftcms/cms/src/web/ErrorHandler.php(192): yii\web\ErrorHandler->renderException(Object(yii\base\ErrorException))
#38 /var/www/html/vendor/yiisoft/yii2/base/ErrorHandler.php(323): craft\web\ErrorHandler->renderException(Object(yii\base\ErrorException))
#39 [internal function]: yii\base\ErrorHandler->handleFatalError()
#40 {main}
  thrown in /var/www/html/vendor/symfony/yaml/Parser.php on line 463
